<?xml version="1.0" encoding="UTF-8"?>
<!-- Generated by org.testng.reporters.JUnitReportReporter -->
<testsuite hostname="abhisekp-w10lt" name="Udemy.HomePage" tests="1" failures="0" timestamp="23 Oct 2020 07:28:28 GMT" time="15.979" errors="0">
  <testcase name="basePageNavigation" time="15.979" classname="Udemy.HomePage"/>
</testsuite> <!-- Udemy.HomePage -->
