<?xml version="1.0" encoding="UTF-8"?>
<!-- Generated by org.testng.reporters.JUnitReportReporter -->
<testsuite skipped="0" hostname="abhisekp-w10lt" name="Udemy.TC1" tests="1" failures="0" timestamp="2020-10-23T19:25:28 IST" time="23.716" errors="0">
  <testcase name="udemy_TC1" time="23.716" classname="Udemy.TC1"/>
  <system-out/>
</testsuite> <!-- Udemy.TC1 -->
