<?xml version="1.0" encoding="UTF-8"?>
<!-- Generated by org.testng.reporters.JUnitReportReporter -->
<testsuite skipped="0" hostname="abhisekp-w10lt" name="Udemy.TC2" tests="1" failures="0" timestamp="2020-10-23T19:25:28 IST" time="13.640" errors="0">
  <testcase name="udemy_TC2" time="13.640" classname="Udemy.TC2"/>
  <system-out/>
</testsuite> <!-- Udemy.TC2 -->
